2026-12-31 18:00:01
Go is added to jobs.
Rust is added to jobs.
Python is added to jobs.
Ruby is added to jobs.
C++ is added to jobs.
C is added to jobs.
Java is added to jobs.
Shell is added to jobs.
Makefile is added to jobs.
Swift is added to jobs.
Objective-C is added to jobs.
Kotlin is added to jobs.
Jupyter-Notebook is added to jobs.
HTML is added to jobs.
JavaScript is added to jobs.
TypeScript is added to jobs.
CSS is added to jobs.
C++ is responsed to backs.
Vue is added to jobs.
Go is responsed to backs.
TeX is added to jobs.
C is responsed to backs.
Markdown is added to jobs.
Rust is responsed to backs.
Python is responsed to backs.
Ruby is responsed to backs.
Swift is responsed to backs.
Objective-C is responsed to backs.
Shell is responsed to backs.
Makefile is responsed to backs.
Kotlin is responsed to backs.
TypeScript is responsed to backs.
JavaScript is responsed to backs.
HTML is responsed to backs.
CSS is responsed to backs.
Vue is responsed to backs.
Java is responsed to backs.
Jupyter-Notebook is responsed to backs.
TeX is responsed to backs.
Markdown is responsed to backs.
README.md is updated.
[main 0fa1e5b] docs: update Github trending in 2026-12-31 18:00:01
 3 files changed, 389 insertions(+), 2 deletions(-)
 create mode 100644 2025-12-31.md
 create mode 100644 cron.log
To github.com:cumthxy/github-trending-backup.git
   71762ef..0fa1e5b  main -> main
2026-01-01 18:00:02
Go is added to jobs.
Rust is added to jobs.
Python is added to jobs.
Ruby is added to jobs.
C++ is added to jobs.
C is added to jobs.
Java is added to jobs.
Shell is added to jobs.
Makefile is added to jobs.
Swift is added to jobs.
Objective-C is added to jobs.
Kotlin is added to jobs.
Jupyter-Notebook is added to jobs.
HTML is added to jobs.
JavaScript is added to jobs.
TypeScript is added to jobs.
CSS is added to jobs.
C++ is responsed to backs.
Vue is added to jobs.
C is responsed to backs.
TeX is added to jobs.
Rust is responsed to backs.
Markdown is added to jobs.
Go is responsed to backs.
Python is responsed to backs.
Java is responsed to backs.
Shell is responsed to backs.
Makefile is responsed to backs.
Ruby is responsed to backs.
Swift is responsed to backs.
Objective-C is responsed to backs.
Kotlin is responsed to backs.
HTML is responsed to backs.
JavaScript is responsed to backs.
TypeScript is responsed to backs.
Jupyter-Notebook is responsed to backs.
Vue is responsed to backs.
CSS is responsed to backs.
TeX is responsed to backs.
Markdown is responsed to backs.
README.md is updated.
[main 55f20d3] docs: update Github trending in 2026-01-01 18:00:02
 3 files changed, 420 insertions(+), 2 deletions(-)
 create mode 100644 2026-01-01.md
To github.com:cumthxy/github-trending-backup.git
   0fa1e5b..55f20d3  main -> main
2026-01-02 18:00:01
Go is added to jobs.
Rust is added to jobs.
Python is added to jobs.
Ruby is added to jobs.
C++ is added to jobs.
C is added to jobs.
Java is added to jobs.
Shell is added to jobs.
Makefile is added to jobs.
Swift is added to jobs.
Objective-C is added to jobs.
Kotlin is added to jobs.
Jupyter-Notebook is added to jobs.
HTML is added to jobs.
JavaScript is added to jobs.
TypeScript is added to jobs.
CSS is added to jobs.
C++ is responsed to backs.
Vue is added to jobs.
Rust is responsed to backs.
TeX is added to jobs.
Python is responsed to backs.
Markdown is added to jobs.
Ruby is responsed to backs.
Go is responsed to backs.
C is responsed to backs.
Java is responsed to backs.
Makefile is responsed to backs.
Objective-C is responsed to backs.
Shell is responsed to backs.
Swift is responsed to backs.
Jupyter-Notebook is responsed to backs.
JavaScript is responsed to backs.
CSS is responsed to backs.
Kotlin is responsed to backs.
TypeScript is responsed to backs.
HTML is responsed to backs.
Vue is responsed to backs.
TeX is responsed to backs.
Markdown is responsed to backs.
README.md is updated.
[main cab2305] docs: update Github trending in 2026-01-02 18:00:01
 3 files changed, 384 insertions(+), 2 deletions(-)
 create mode 100644 2026-01-02.md
To github.com:cumthxy/github-trending-backup.git
   55f20d3..cab2305  main -> main
2026-01-03 18:00:01
Go is added to jobs.
Rust is added to jobs.
Python is added to jobs.
Ruby is added to jobs.
C++ is added to jobs.
C is added to jobs.
Java is added to jobs.
Shell is added to jobs.
Makefile is added to jobs.
Swift is added to jobs.
Objective-C is added to jobs.
Kotlin is added to jobs.
Jupyter-Notebook is added to jobs.
HTML is added to jobs.
JavaScript is added to jobs.
TypeScript is added to jobs.
CSS is added to jobs.
C++ is responsed to backs.
Vue is added to jobs.
Python is responsed to backs.
TeX is added to jobs.
Ruby is responsed to backs.
Markdown is added to jobs.
Rust is responsed to backs.
Go is responsed to backs.
C is responsed to backs.
Java is responsed to backs.
Makefile is responsed to backs.
Shell is responsed to backs.
Swift is responsed to backs.
Objective-C is responsed to backs.
Kotlin is responsed to backs.
Jupyter-Notebook is responsed to backs.
HTML is responsed to backs.
TypeScript is responsed to backs.
JavaScript is responsed to backs.
Vue is responsed to backs.
Markdown is responsed to backs.
TeX is responsed to backs.
CSS is responsed to backs.
README.md is updated.
[main 088e68e] docs: update Github trending in 2026-01-03 18:00:01
 3 files changed, 380 insertions(+), 2 deletions(-)
 create mode 100644 2026-01-03.md
To github.com:cumthxy/github-trending-backup.git
   cab2305..088e68e  main -> main
2026-01-04 18:00:01
Go is added to jobs.
Rust is added to jobs.
Python is added to jobs.
Ruby is added to jobs.
C++ is added to jobs.
C is added to jobs.
Java is added to jobs.
Shell is added to jobs.
Makefile is added to jobs.
Swift is added to jobs.
Objective-C is added to jobs.
Kotlin is added to jobs.
Jupyter-Notebook is added to jobs.
HTML is added to jobs.
JavaScript is added to jobs.
TypeScript is added to jobs.
CSS is added to jobs.
C++ is responsed to backs.
Vue is added to jobs.
Python is responsed to backs.
TeX is added to jobs.
C is responsed to backs.
Markdown is added to jobs.
Rust is responsed to backs.
Go is responsed to backs.
Ruby is responsed to backs.
Java is responsed to backs.
Makefile is responsed to backs.
Shell is responsed to backs.
Swift is responsed to backs.
Kotlin is responsed to backs.
Objective-C is responsed to backs.
Jupyter-Notebook is responsed to backs.
TypeScript is responsed to backs.
HTML is responsed to backs.
CSS is responsed to backs.
JavaScript is responsed to backs.
Vue is responsed to backs.
TeX is responsed to backs.
Markdown is responsed to backs.
README.md is updated.
[main 2abdb05] docs: update Github trending in 2026-01-04 18:00:01
 3 files changed, 392 insertions(+), 2 deletions(-)
 create mode 100644 2026-01-04.md
To github.com:cumthxy/github-trending-backup.git
   088e68e..2abdb05  main -> main
2026-01-05 18:00:01
Go is added to jobs.
Rust is added to jobs.
Python is added to jobs.
Ruby is added to jobs.
C++ is added to jobs.
C is added to jobs.
Java is added to jobs.
Shell is added to jobs.
Makefile is added to jobs.
Swift is added to jobs.
Objective-C is added to jobs.
Kotlin is added to jobs.
Jupyter-Notebook is added to jobs.
HTML is added to jobs.
JavaScript is added to jobs.
TypeScript is added to jobs.
CSS is added to jobs.
C++ is responsed to backs.
Vue is added to jobs.
Python is responsed to backs.
TeX is added to jobs.
Rust is responsed to backs.
Markdown is added to jobs.
Ruby is responsed to backs.
Go is responsed to backs.
C is responsed to backs.
Java is responsed to backs.
Makefile is responsed to backs.
Shell is responsed to backs.
Kotlin is responsed to backs.
Objective-C is responsed to backs.
Jupyter-Notebook is responsed to backs.
HTML is responsed to backs.
JavaScript is responsed to backs.
CSS is responsed to backs.
TypeScript is responsed to backs.
Vue is responsed to backs.
Swift is responsed to backs.
TeX is responsed to backs.
Markdown is responsed to backs.
README.md is updated.
